16:53:57,971 EMAK INFO Starting GUI
16:53:57,971 EMAK INFO Adding device status to view
16:53:58,855 EMAK INFO Patient state updated
16:53:58,855 EMAK INFO IsSceneSafe
16:54:00,629 EMAK INFO Patient state updated
16:54:00,629 EMAK INFO Call911
16:54:02,600 EMAK INFO Patient state updated
16:54:02,600 EMAK INFO Call911
16:54:05,19 EMAK INFO Patient state updated
16:54:05,19 EMAK INFO Call911
16:54:05,964 EMAK INFO Patient state updated
16:54:05,964 EMAK INFO Call911
16:54:08,909 EMAK INFO Patient state updated
16:54:08,909 EMAK INFO Call911
16:54:49,389 EMAK INFO Patient state updated
16:54:49,389 EMAK INFO Call911
16:54:50,137 EMAK INFO Patient state updated
16:54:50,137 EMAK INFO Call911
16:54:51,512 EMAK INFO Patient state updated
16:54:51,513 EMAK INFO Call911
16:54:53,522 EMAK INFO Patient state updated
16:54:53,522 EMAK INFO Call911
16:54:54,238 EMAK INFO Patient state updated
16:54:54,239 EMAK INFO Call911
16:54:55,36 EMAK INFO Patient state updated
16:54:55,36 EMAK INFO Call911
16:54:55,591 EMAK INFO Patient state updated
16:54:55,591 EMAK INFO Call911
16:54:56,153 EMAK INFO Patient state updated
16:54:56,154 EMAK INFO Call911
16:54:57,191 EMAK INFO Patient state updated
16:54:57,192 EMAK INFO Call911
16:54:58,666 EMAK INFO Patient state updated
16:54:58,666 EMAK INFO Call911
